<?xml version="1.0" encoding="UTF-8"?>
<testsuite xmlns:xsi="http://www.w3.org/2001/XMLSchema-instance" xsi:noNamespaceSchemaLocation="https://maven.apache.org/surefire/maven-surefire-plugin/xsd/surefire-test-report.xsd" name="com.example.hr_system.HrSystemApplicationTests" time="17.251" tests="1" errors="0" skipped="0" failures="0">
  <properties>
    <property name="java.specification.version" value="17"/>
    <property name="sun.jnu.encoding" value="UTF-8"/>
    <property name="java.class.path" value="/Users/bambook/IdeaProjects/hr_system_back/target/test-classes:/Users/bambook/IdeaProjects/hr_system_back/target/classes:/Users/bambook/.m2/repository/com/amazonaws/aws-java-sdk-s3/1.12.517/aws-java-sdk-s3-1.12.517.jar:/Users/bambook/.m2/repository/com/amazonaws/aws-java-sdk-kms/1.12.517/aws-java-sdk-kms-1.12.517.jar:/Users/bambook/.m2/repository/com/amazonaws/jmespath-java/1.12.517/jmespath-java-1.12.517.jar:/Users/bambook/.m2/repository/com/amazonaws/aws-java-sdk-core/1.12.518/aws-java-sdk-core-1.12.518.jar:/Users/bambook/.m2/repository/commons-logging/commons-logging/1.1.3/commons-logging-1.1.3.jar:/Users/bambook/.m2/repository/commons-codec/commons-codec/1.15/commons-codec-1.15.jar:/Users/bambook/.m2/repository/org/apache/httpcomponents/httpclient/4.5.13/httpclient-4.5.13.jar:/Users/bambook/.m2/repository/org/apache/httpcomponents/httpcore/4.4.15/httpcore-4.4.15.jar:/Users/bambook/.m2/repository/software/amazon/ion/ion-java/1.0.2/ion-java-1.0.2.jar:/Users/bambook/.m2/repository/com/fasterxml/jackson/core/jackson-databind/2.13.4.2/jackson-databind-2.13.4.2.jar:/Users/bambook/.m2/repository/com/fasterxml/jackson/core/jackson-annotations/2.13.4/jackson-annotations-2.13.4.jar:/Users/bambook/.m2/repository/com/fasterxml/jackson/core/jackson-core/2.13.4/jackson-core-2.13.4.jar:/Users/bambook/.m2/repository/com/fasterxml/jackson/dataformat/jackson-dataformat-cbor/2.13.4/jackson-dataformat-cbor-2.13.4.jar:/Users/bambook/.m2/repository/joda-time/joda-time/2.8.1/joda-time-2.8.1.jar:/Users/bambook/.m2/repository/software/amazon/awssdk/s3/2.20.68/s3-2.20.68.jar:/Users/bambook/.m2/repository/software/amazon/awssdk/aws-xml-protocol/2.20.68/aws-xml-protocol-2.20.68.jar:/Users/bambook/.m2/repository/software/amazon/awssdk/aws-query-protocol/2.20.68/aws-query-protocol-2.20.68.jar:/Users/bambook/.m2/repository/software/amazon/awssdk/protocol-core/2.20.68/protocol-core-2.20.68.jar:/Users/bambook/.m2/repository/software/amazon/awssdk/arns/2.20.68/arns-2.20.68.jar:/Users/bambook/.m2/repository/software/amazon/awssdk/profiles/2.20.68/profiles-2.20.68.jar:/Users/bambook/.m2/repository/software/amazon/awssdk/crt-core/2.20.68/crt-core-2.20.68.jar:/Users/bambook/.m2/repository/software/amazon/awssdk/sdk-core/2.20.68/sdk-core-2.20.68.jar:/Users/bambook/.m2/repository/org/slf4j/slf4j-api/1.7.36/slf4j-api-1.7.36.jar:/Users/bambook/.m2/repository/org/reactivestreams/reactive-streams/1.0.4/reactive-streams-1.0.4.jar:/Users/bambook/.m2/repository/software/amazon/awssdk/auth/2.20.68/auth-2.20.68.jar:/Users/bambook/.m2/repository/software/amazon/eventstream/eventstream/1.0.1/eventstream-1.0.1.jar:/Users/bambook/.m2/repository/software/amazon/awssdk/http-client-spi/2.20.68/http-client-spi-2.20.68.jar:/Users/bambook/.m2/repository/software/amazon/awssdk/regions/2.20.68/regions-2.20.68.jar:/Users/bambook/.m2/repository/software/amazon/awssdk/annotations/2.20.68/annotations-2.20.68.jar:/Users/bambook/.m2/repository/software/amazon/awssdk/utils/2.20.68/utils-2.20.68.jar:/Users/bambook/.m2/repository/software/amazon/awssdk/aws-core/2.20.68/aws-core-2.20.68.jar:/Users/bambook/.m2/repository/software/amazon/awssdk/metrics-spi/2.20.68/metrics-spi-2.20.68.jar:/Users/bambook/.m2/repository/software/amazon/awssdk/json-utils/2.20.68/json-utils-2.20.68.jar:/Users/bambook/.m2/repository/software/amazon/awssdk/third-party-jackson-core/2.20.68/third-party-jackson-core-2.20.68.jar:/Users/bambook/.m2/repository/software/amazon/awssdk/endpoints-spi/2.20.68/endpoints-spi-2.20.68.jar:/Users/bambook/.m2/repository/software/amazon/awssdk/apache-client/2.20.68/apache-client-2.20.68.jar:/Users/bambook/.m2/repository/software/amazon/awssdk/netty-nio-client/2.20.68/netty-nio-client-2.20.68.jar:/Users/bambook/.m2/repository/io/netty/netty-codec-http/4.1.84.Final/netty-codec-http-4.1.84.Final.jar:/Users/bambook/.m2/repository/io/netty/netty-codec-http2/4.1.84.Final/netty-codec-http2-4.1.84.Final.jar:/Users/bambook/.m2/repository/io/netty/netty-codec/4.1.84.Final/netty-codec-4.1.84.Final.jar:/Users/bambook/.m2/repository/io/netty/netty-transport/4.1.84.Final/netty-transport-4.1.84.Final.jar:/Users/bambook/.m2/repository/io/netty/netty-resolver/4.1.84.Final/netty-resolver-4.1.84.Final.jar:/Users/bambook/.m2/repository/io/netty/netty-common/4.1.84.Final/netty-common-4.1.84.Final.jar:/Users/bambook/.m2/repository/io/netty/netty-buffer/4.1.84.Final/netty-buffer-4.1.84.Final.jar:/Users/bambook/.m2/repository/io/netty/netty-handler/4.1.84.Final/netty-handler-4.1.84.Final.jar:/Users/bambook/.m2/repository/io/netty/netty-transport-native-unix-common/4.1.84.Final/netty-transport-native-unix-common-4.1.84.Final.jar:/Users/bambook/.m2/repository/io/netty/netty-transport-classes-epoll/4.1.84.Final/netty-transport-classes-epoll-4.1.84.Final.jar:/Users/bambook/.m2/repository/org/springframework/boot/spring-boot-starter-security/2.7.5/spring-boot-starter-security-2.7.5.jar:/Users/bambook/.m2/repository/org/springframework/boot/spring-boot-starter/2.7.5/spring-boot-starter-2.7.5.jar:/Users/bambook/.m2/repository/org/springframework/boot/spring-boot/2.7.5/spring-boot-2.7.5.jar:/Users/bambook/.m2/repository/org/springframework/boot/spring-boot-autoconfigure/2.7.5/spring-boot-autoconfigure-2.7.5.jar:/Users/bambook/.m2/repository/org/springframework/boot/spring-boot-starter-logging/2.7.5/spring-boot-starter-logging-2.7.5.jar:/Users/bambook/.m2/repository/ch/qos/logback/logback-classic/1.2.11/logback-classic-1.2.11.jar:/Users/bambook/.m2/repository/ch/qos/logback/logback-core/1.2.11/logback-core-1.2.11.jar:/Users/bambook/.m2/repository/org/apache/logging/log4j/log4j-to-slf4j/2.17.2/log4j-to-slf4j-2.17.2.jar:/Users/bambook/.m2/repository/org/apache/logging/log4j/log4j-api/2.17.2/log4j-api-2.17.2.jar:/Users/bambook/.m2/repository/org/slf4j/jul-to-slf4j/1.7.36/jul-to-slf4j-1.7.36.jar:/Users/bambook/.m2/repository/jakarta/annotation/jakarta.annotation-api/1.3.5/jakarta.annotation-api-1.3.5.jar:/Users/bambook/.m2/repository/org/yaml/snakeyaml/1.30/snakeyaml-1.30.jar:/Users/bambook/.m2/repository/org/springframework/spring-aop/5.3.23/spring-aop-5.3.23.jar:/Users/bambook/.m2/repository/org/springframework/spring-beans/5.3.23/spring-beans-5.3.23.jar:/Users/bambook/.m2/repository/org/springframework/security/spring-security-config/5.7.4/spring-security-config-5.7.4.jar:/Users/bambook/.m2/repository/org/springframework/spring-context/5.3.23/spring-context-5.3.23.jar:/Users/bambook/.m2/repository/org/springframework/security/spring-security-web/5.7.4/spring-security-web-5.7.4.jar:/Users/bambook/.m2/repository/org/springframework/spring-expression/5.3.23/spring-expression-5.3.23.jar:/Users/bambook/.m2/repository/org/springframework/security/spring-security-test/5.7.4/spring-security-test-5.7.4.jar:/Users/bambook/.m2/repository/org/springframework/security/spring-security-core/5.7.4/spring-security-core-5.7.4.jar:/Users/bambook/.m2/repository/org/springframework/security/spring-security-crypto/5.7.4/spring-security-crypto-5.7.4.jar:/Users/bambook/.m2/repository/org/springframework/spring-core/5.3.23/spring-core-5.3.23.jar:/Users/bambook/.m2/repository/org/springframework/spring-jcl/5.3.23/spring-jcl-5.3.23.jar:/Users/bambook/.m2/repository/org/springframework/spring-test/5.3.23/spring-test-5.3.23.jar:/Users/bambook/.m2/repository/org/springframework/boot/spring-boot-starter-oauth2-client/2.7.5/spring-boot-starter-oauth2-client-2.7.5.jar:/Users/bambook/.m2/repository/org/springframework/security/spring-security-oauth2-client/5.7.4/spring-security-oauth2-client-5.7.4.jar:/Users/bambook/.m2/repository/org/springframework/security/spring-security-oauth2-core/5.7.4/spring-security-oauth2-core-5.7.4.jar:/Users/bambook/.m2/repository/com/nimbusds/oauth2-oidc-sdk/9.35/oauth2-oidc-sdk-9.35.jar:/Users/bambook/.m2/repository/com/github/stephenc/jcip/jcip-annotations/1.0-1/jcip-annotations-1.0-1.jar:/Users/bambook/.m2/repository/com/nimbusds/content-type/2.2/content-type-2.2.jar:/Users/bambook/.m2/repository/com/nimbusds/lang-tag/1.6/lang-tag-1.6.jar:/Users/bambook/.m2/repository/org/springframework/security/spring-security-oauth2-jose/5.7.4/spring-security-oauth2-jose-5.7.4.jar:/Users/bambook/.m2/repository/com/nimbusds/nimbus-jose-jwt/9.22/nimbus-jose-jwt-9.22.jar:/Users/bambook/.m2/repository/org/springframework/boot/spring-boot-starter-oauth2-resource-server/2.7.5/spring-boot-starter-oauth2-resource-server-2.7.5.jar:/Users/bambook/.m2/repository/org/springframework/security/spring-security-oauth2-resource-server/5.7.4/spring-security-oauth2-resource-server-5.7.4.jar:/Users/bambook/.m2/repository/io/jsonwebtoken/jjwt-api/0.11.5/jjwt-api-0.11.5.jar:/Users/bambook/.m2/repository/io/jsonwebtoken/jjwt-impl/0.11.5/jjwt-impl-0.11.5.jar:/Users/bambook/.m2/repository/io/jsonwebtoken/jjwt-jackson/0.11.5/jjwt-jackson-0.11.5.jar:/Users/bambook/.m2/repository/org/springframework/boot/spring-boot-starter-data-jpa/2.7.5/spring-boot-starter-data-jpa-2.7.5.jar:/Users/bambook/.m2/repository/org/springframework/boot/spring-boot-starter-aop/2.7.5/spring-boot-starter-aop-2.7.5.jar:/Users/bambook/.m2/repository/org/aspectj/aspectjweaver/1.9.7/aspectjweaver-1.9.7.jar:/Users/bambook/.m2/repository/org/springframework/boot/spring-boot-starter-jdbc/2.7.5/spring-boot-starter-jdbc-2.7.5.jar:/Users/bambook/.m2/repository/com/zaxxer/HikariCP/4.0.3/HikariCP-4.0.3.jar:/Users/bambook/.m2/repository/org/springframework/spring-jdbc/5.3.23/spring-jdbc-5.3.23.jar:/Users/bambook/.m2/repository/jakarta/transaction/jakarta.transaction-api/1.3.3/jakarta.transaction-api-1.3.3.jar:/Users/bambook/.m2/repository/jakarta/persistence/jakarta.persistence-api/2.2.3/jakarta.persistence-api-2.2.3.jar:/Users/bambook/.m2/repository/org/hibernate/hibernate-core/5.6.12.Final/hibernate-core-5.6.12.Final.jar:/Users/bambook/.m2/repository/antlr/antlr/2.7.7/antlr-2.7.7.jar:/Users/bambook/.m2/repository/org/jboss/jandex/2.4.2.Final/jandex-2.4.2.Final.jar:/Users/bambook/.m2/repository/org/springframework/data/spring-data-jpa/2.7.5/spring-data-jpa-2.7.5.jar:/Users/bambook/.m2/repository/org/springframework/data/spring-data-commons/2.7.5/spring-data-commons-2.7.5.jar:/Users/bambook/.m2/repository/org/springframework/spring-orm/5.3.23/spring-orm-5.3.23.jar:/Users/bambook/.m2/repository/org/springframework/spring-tx/5.3.23/spring-tx-5.3.23.jar:/Users/bambook/.m2/repository/org/springframework/spring-aspects/5.3.23/spring-aspects-5.3.23.jar:/Users/bambook/.m2/repository/org/springframework/boot/spring-boot-starter-web/2.7.5/spring-boot-starter-web-2.7.5.jar:/Users/bambook/.m2/repository/org/springframework/boot/spring-boot-starter-json/2.7.5/spring-boot-starter-json-2.7.5.jar:/Users/bambook/.m2/repository/com/fasterxml/jackson/datatype/jackson-datatype-jdk8/2.13.4/jackson-datatype-jdk8-2.13.4.jar:/Users/bambook/.m2/repository/com/fasterxml/jackson/datatype/jackson-datatype-jsr310/2.13.4/jackson-datatype-jsr310-2.13.4.jar:/Users/bambook/.m2/repository/com/fasterxml/jackson/module/jackson-module-parameter-names/2.13.4/jackson-module-parameter-names-2.13.4.jar:/Users/bambook/.m2/repository/org/springframework/boot/spring-boot-starter-tomcat/2.7.5/spring-boot-starter-tomcat-2.7.5.jar:/Users/bambook/.m2/repository/org/apache/tomcat/embed/tomcat-embed-core/9.0.68/tomcat-embed-core-9.0.68.jar:/Users/bambook/.m2/repository/org/apache/tomcat/embed/tomcat-embed-websocket/9.0.68/tomcat-embed-websocket-9.0.68.jar:/Users/bambook/.m2/repository/org/springframework/spring-web/5.3.23/spring-web-5.3.23.jar:/Users/bambook/.m2/repository/org/springframework/spring-webmvc/5.3.23/spring-webmvc-5.3.23.jar:/Users/bambook/.m2/repository/org/springframework/boot/spring-boot-starter-validation/2.7.5/spring-boot-starter-validation-2.7.5.jar:/Users/bambook/.m2/repository/org/apache/tomcat/embed/tomcat-embed-el/9.0.68/tomcat-embed-el-9.0.68.jar:/Users/bambook/.m2/repository/org/hibernate/validator/hibernate-validator/6.2.5.Final/hibernate-validator-6.2.5.Final.jar:/Users/bambook/.m2/repository/jakarta/validation/jakarta.validation-api/2.0.2/jakarta.validation-api-2.0.2.jar:/Users/bambook/.m2/repository/org/flywaydb/flyway-core/8.5.13/flyway-core-8.5.13.jar:/Users/bambook/.m2/repository/org/postgresql/postgresql/42.3.7/postgresql-42.3.7.jar:/Users/bambook/.m2/repository/org/checkerframework/checker-qual/3.5.0/checker-qual-3.5.0.jar:/Users/bambook/.m2/repository/org/projectlombok/lombok/1.18.24/lombok-1.18.24.jar:/Users/bambook/.m2/repository/org/springframework/boot/spring-boot-starter-test/2.7.5/spring-boot-starter-test-2.7.5.jar:/Users/bambook/.m2/repository/org/springframework/boot/spring-boot-test/2.7.5/spring-boot-test-2.7.5.jar:/Users/bambook/.m2/repository/org/springframework/boot/spring-boot-test-autoconfigure/2.7.5/spring-boot-test-autoconfigure-2.7.5.jar:/Users/bambook/.m2/repository/com/jayway/jsonpath/json-path/2.7.0/json-path-2.7.0.jar:/Users/bambook/.m2/repository/net/minidev/json-smart/2.4.8/json-smart-2.4.8.jar:/Users/bambook/.m2/repository/net/minidev/accessors-smart/2.4.8/accessors-smart-2.4.8.jar:/Users/bambook/.m2/repository/org/ow2/asm/asm/9.1/asm-9.1.jar:/Users/bambook/.m2/repository/jakarta/xml/bind/jakarta.xml.bind-api/2.3.3/jakarta.xml.bind-api-2.3.3.jar:/Users/bambook/.m2/repository/jakarta/activation/jakarta.activation-api/1.2.2/jakarta.activation-api-1.2.2.jar:/Users/bambook/.m2/repository/org/assertj/assertj-core/3.22.0/assertj-core-3.22.0.jar:/Users/bambook/.m2/repository/org/hamcrest/hamcrest/2.2/hamcrest-2.2.jar:/Users/bambook/.m2/repository/org/junit/jupiter/junit-jupiter/5.8.2/junit-jupiter-5.8.2.jar:/Users/bambook/.m2/repository/org/junit/jupiter/junit-jupiter-api/5.8.2/junit-jupiter-api-5.8.2.jar:/Users/bambook/.m2/repository/org/opentest4j/opentest4j/1.2.0/opentest4j-1.2.0.jar:/Users/bambook/.m2/repository/org/junit/platform/junit-platform-commons/1.8.2/junit-platform-commons-1.8.2.jar:/Users/bambook/.m2/repository/org/apiguardian/apiguardian-api/1.1.2/apiguardian-api-1.1.2.jar:/Users/bambook/.m2/repository/org/junit/jupiter/junit-jupiter-params/5.8.2/junit-jupiter-params-5.8.2.jar:/Users/bambook/.m2/repository/org/junit/jupiter/junit-jupiter-engine/5.8.2/junit-jupiter-engine-5.8.2.jar:/Users/bambook/.m2/repository/org/junit/platform/junit-platform-engine/1.8.2/junit-platform-engine-1.8.2.jar:/Users/bambook/.m2/repository/org/mockito/mockito-core/4.5.1/mockito-core-4.5.1.jar:/Users/bambook/.m2/repository/net/bytebuddy/byte-buddy-agent/1.12.18/byte-buddy-agent-1.12.18.jar:/Users/bambook/.m2/repository/org/objenesis/objenesis/3.2/objenesis-3.2.jar:/Users/bambook/.m2/repository/org/mockito/mockito-junit-jupiter/4.5.1/mockito-junit-jupiter-4.5.1.jar:/Users/bambook/.m2/repository/org/skyscreamer/jsonassert/1.5.1/jsonassert-1.5.1.jar:/Users/bambook/.m2/repository/com/vaadin/external/google/android-json/0.0.20131108.vaadin1/android-json-0.0.20131108.vaadin1.jar:/Users/bambook/.m2/repository/org/xmlunit/xmlunit-core/2.9.0/xmlunit-core-2.9.0.jar:/Users/bambook/.m2/repository/org/hibernate/orm/hibernate-core/6.2.5.Final/hibernate-core-6.2.5.Final.jar:/Users/bambook/.m2/repository/org/jboss/logging/jboss-logging/3.4.3.Final/jboss-logging-3.4.3.Final.jar:/Users/bambook/.m2/repository/org/hibernate/common/hibernate-commons-annotations/6.0.6.Final/hibernate-commons-annotations-6.0.6.Final.jar:/Users/bambook/.m2/repository/io/smallrye/jandex/3.0.5/jandex-3.0.5.jar:/Users/bambook/.m2/repository/com/fasterxml/classmate/1.5.1/classmate-1.5.1.jar:/Users/bambook/.m2/repository/net/bytebuddy/byte-buddy/1.12.18/byte-buddy-1.12.18.jar:/Users/bambook/.m2/repository/org/glassfish/jaxb/jaxb-runtime/2.3.7/jaxb-runtime-2.3.7.jar:/Users/bambook/.m2/repository/org/glassfish/jaxb/txw2/2.3.7/txw2-2.3.7.jar:/Users/bambook/.m2/repository/com/sun/istack/istack-commons-runtime/3.0.12/istack-commons-runtime-3.0.12.jar:/Users/bambook/.m2/repository/com/sun/activation/jakarta.activation/1.2.2/jakarta.activation-1.2.2.jar:/Users/bambook/.m2/repository/jakarta/inject/jakarta.inject-api/2.0.1/jakarta.inject-api-2.0.1.jar:/Users/bambook/.m2/repository/org/antlr/antlr4-runtime/4.10.1/antlr4-runtime-4.10.1.jar:/Users/bambook/.m2/repository/org/springdoc/springdoc-openapi-ui/1.6.15/springdoc-openapi-ui-1.6.15.jar:/Users/bambook/.m2/repository/org/springdoc/springdoc-openapi-webmvc-core/1.6.15/springdoc-openapi-webmvc-core-1.6.15.jar:/Users/bambook/.m2/repository/org/springdoc/springdoc-openapi-common/1.6.15/springdoc-openapi-common-1.6.15.jar:/Users/bambook/.m2/repository/io/swagger/core/v3/swagger-core/2.2.8/swagger-core-2.2.8.jar:/Users/bambook/.m2/repository/org/apache/commons/commons-lang3/3.12.0/commons-lang3-3.12.0.jar:/Users/bambook/.m2/repository/com/fasterxml/jackson/dataformat/jackson-dataformat-yaml/2.13.4/jackson-dataformat-yaml-2.13.4.jar:/Users/bambook/.m2/repository/io/swagger/core/v3/swagger-annotations/2.2.8/swagger-annotations-2.2.8.jar:/Users/bambook/.m2/repository/io/swagger/core/v3/swagger-models/2.2.8/swagger-models-2.2.8.jar:/Users/bambook/.m2/repository/org/webjars/swagger-ui/4.17.1/swagger-ui-4.17.1.jar:/Users/bambook/.m2/repository/org/webjars/webjars-locator-core/0.50/webjars-locator-core-0.50.jar:/Users/bambook/.m2/repository/io/github/classgraph/classgraph/4.8.149/classgraph-4.8.149.jar:/Users/bambook/.m2/repository/org/springframework/boot/spring-boot-starter-mail/2.7.5/spring-boot-starter-mail-2.7.5.jar:/Users/bambook/.m2/repository/org/springframework/spring-context-support/5.3.23/spring-context-support-5.3.23.jar:/Users/bambook/.m2/repository/com/sun/mail/jakarta.mail/1.6.7/jakarta.mail-1.6.7.jar:/Users/bambook/.m2/repository/javax/mail/mail/1.5.0-b01/mail-1.5.0-b01.jar:/Users/bambook/.m2/repository/javax/activation/activation/1.1/activation-1.1.jar:/Users/bambook/.m2/repository/org/springframework/boot/spring-boot-starter-websocket/2.7.5/spring-boot-starter-websocket-2.7.5.jar:/Users/bambook/.m2/repository/org/springframework/spring-messaging/5.3.23/spring-messaging-5.3.23.jar:/Users/bambook/.m2/repository/org/springframework/spring-websocket/5.3.23/spring-websocket-5.3.23.jar:"/>
    <property name="java.vm.vendor" value="Amazon.com Inc."/>
    <property name="sun.arch.data.model" value="64"/>
    <property name="java.vendor.url" value="https://aws.amazon.com/corretto/"/>
    <property name="os.name" value="Mac OS X"/>
    <property name="java.vm.specification.version" value="17"/>
    <property name="sun.java.launcher" value="SUN_STANDARD"/>
    <property name="user.country" value="KG"/>
    <property name="sun.boot.library.path" value="/Users/bambook/Library/Java/JavaVirtualMachines/corretto-17.0.7/Contents/Home/lib"/>
    <property name="sun.java.command" value="/Users/bambook/IdeaProjects/hr_system_back/target/surefire/surefirebooter14187576257727940742.jar /Users/bambook/IdeaProjects/hr_system_back/target/surefire 2023-08-29T16-25-19_867-jvmRun1 surefire15293267443674685041tmp surefire_03091120365690933551tmp"/>
    <property name="http.nonProxyHosts" value="local|*.local|169.254/16|*.169.254/16"/>
    <property name="jdk.debug" value="release"/>
    <property name="surefire.test.class.path" value="/Users/bambook/IdeaProjects/hr_system_back/target/test-classes:/Users/bambook/IdeaProjects/hr_system_back/target/classes:/Users/bambook/.m2/repository/com/amazonaws/aws-java-sdk-s3/1.12.517/aws-java-sdk-s3-1.12.517.jar:/Users/bambook/.m2/repository/com/amazonaws/aws-java-sdk-kms/1.12.517/aws-java-sdk-kms-1.12.517.jar:/Users/bambook/.m2/repository/com/amazonaws/jmespath-java/1.12.517/jmespath-java-1.12.517.jar:/Users/bambook/.m2/repository/com/amazonaws/aws-java-sdk-core/1.12.518/aws-java-sdk-core-1.12.518.jar:/Users/bambook/.m2/repository/commons-logging/commons-logging/1.1.3/commons-logging-1.1.3.jar:/Users/bambook/.m2/repository/commons-codec/commons-codec/1.15/commons-codec-1.15.jar:/Users/bambook/.m2/repository/org/apache/httpcomponents/httpclient/4.5.13/httpclient-4.5.13.jar:/Users/bambook/.m2/repository/org/apache/httpcomponents/httpcore/4.4.15/httpcore-4.4.15.jar:/Users/bambook/.m2/repository/software/amazon/ion/ion-java/1.0.2/ion-java-1.0.2.jar:/Users/bambook/.m2/repository/com/fasterxml/jackson/core/jackson-databind/2.13.4.2/jackson-databind-2.13.4.2.jar:/Users/bambook/.m2/repository/com/fasterxml/jackson/core/jackson-annotations/2.13.4/jackson-annotations-2.13.4.jar:/Users/bambook/.m2/repository/com/fasterxml/jackson/core/jackson-core/2.13.4/jackson-core-2.13.4.jar:/Users/bambook/.m2/repository/com/fasterxml/jackson/dataformat/jackson-dataformat-cbor/2.13.4/jackson-dataformat-cbor-2.13.4.jar:/Users/bambook/.m2/repository/joda-time/joda-time/2.8.1/joda-time-2.8.1.jar:/Users/bambook/.m2/repository/software/amazon/awssdk/s3/2.20.68/s3-2.20.68.jar:/Users/bambook/.m2/repository/software/amazon/awssdk/aws-xml-protocol/2.20.68/aws-xml-protocol-2.20.68.jar:/Users/bambook/.m2/repository/software/amazon/awssdk/aws-query-protocol/2.20.68/aws-query-protocol-2.20.68.jar:/Users/bambook/.m2/repository/software/amazon/awssdk/protocol-core/2.20.68/protocol-core-2.20.68.jar:/Users/bambook/.m2/repository/software/amazon/awssdk/arns/2.20.68/arns-2.20.68.jar:/Users/bambook/.m2/repository/software/amazon/awssdk/profiles/2.20.68/profiles-2.20.68.jar:/Users/bambook/.m2/repository/software/amazon/awssdk/crt-core/2.20.68/crt-core-2.20.68.jar:/Users/bambook/.m2/repository/software/amazon/awssdk/sdk-core/2.20.68/sdk-core-2.20.68.jar:/Users/bambook/.m2/repository/org/slf4j/slf4j-api/1.7.36/slf4j-api-1.7.36.jar:/Users/bambook/.m2/repository/org/reactivestreams/reactive-streams/1.0.4/reactive-streams-1.0.4.jar:/Users/bambook/.m2/repository/software/amazon/awssdk/auth/2.20.68/auth-2.20.68.jar:/Users/bambook/.m2/repository/software/amazon/eventstream/eventstream/1.0.1/eventstream-1.0.1.jar:/Users/bambook/.m2/repository/software/amazon/awssdk/http-client-spi/2.20.68/http-client-spi-2.20.68.jar:/Users/bambook/.m2/repository/software/amazon/awssdk/regions/2.20.68/regions-2.20.68.jar:/Users/bambook/.m2/repository/software/amazon/awssdk/annotations/2.20.68/annotations-2.20.68.jar:/Users/bambook/.m2/repository/software/amazon/awssdk/utils/2.20.68/utils-2.20.68.jar:/Users/bambook/.m2/repository/software/amazon/awssdk/aws-core/2.20.68/aws-core-2.20.68.jar:/Users/bambook/.m2/repository/software/amazon/awssdk/metrics-spi/2.20.68/metrics-spi-2.20.68.jar:/Users/bambook/.m2/repository/software/amazon/awssdk/json-utils/2.20.68/json-utils-2.20.68.jar:/Users/bambook/.m2/repository/software/amazon/awssdk/third-party-jackson-core/2.20.68/third-party-jackson-core-2.20.68.jar:/Users/bambook/.m2/repository/software/amazon/awssdk/endpoints-spi/2.20.68/endpoints-spi-2.20.68.jar:/Users/bambook/.m2/repository/software/amazon/awssdk/apache-client/2.20.68/apache-client-2.20.68.jar:/Users/bambook/.m2/repository/software/amazon/awssdk/netty-nio-client/2.20.68/netty-nio-client-2.20.68.jar:/Users/bambook/.m2/repository/io/netty/netty-codec-http/4.1.84.Final/netty-codec-http-4.1.84.Final.jar:/Users/bambook/.m2/repository/io/netty/netty-codec-http2/4.1.84.Final/netty-codec-http2-4.1.84.Final.jar:/Users/bambook/.m2/repository/io/netty/netty-codec/4.1.84.Final/netty-codec-4.1.84.Final.jar:/Users/bambook/.m2/repository/io/netty/netty-transport/4.1.84.Final/netty-transport-4.1.84.Final.jar:/Users/bambook/.m2/repository/io/netty/netty-resolver/4.1.84.Final/netty-resolver-4.1.84.Final.jar:/Users/bambook/.m2/repository/io/netty/netty-common/4.1.84.Final/netty-common-4.1.84.Final.jar:/Users/bambook/.m2/repository/io/netty/netty-buffer/4.1.84.Final/netty-buffer-4.1.84.Final.jar:/Users/bambook/.m2/repository/io/netty/netty-handler/4.1.84.Final/netty-handler-4.1.84.Final.jar:/Users/bambook/.m2/repository/io/netty/netty-transport-native-unix-common/4.1.84.Final/netty-transport-native-unix-common-4.1.84.Final.jar:/Users/bambook/.m2/repository/io/netty/netty-transport-classes-epoll/4.1.84.Final/netty-transport-classes-epoll-4.1.84.Final.jar:/Users/bambook/.m2/repository/org/springframework/boot/spring-boot-starter-security/2.7.5/spring-boot-starter-security-2.7.5.jar:/Users/bambook/.m2/repository/org/springframework/boot/spring-boot-starter/2.7.5/spring-boot-starter-2.7.5.jar:/Users/bambook/.m2/repository/org/springframework/boot/spring-boot/2.7.5/spring-boot-2.7.5.jar:/Users/bambook/.m2/repository/org/springframework/boot/spring-boot-autoconfigure/2.7.5/spring-boot-autoconfigure-2.7.5.jar:/Users/bambook/.m2/repository/org/springframework/boot/spring-boot-starter-logging/2.7.5/spring-boot-starter-logging-2.7.5.jar:/Users/bambook/.m2/repository/ch/qos/logback/logback-classic/1.2.11/logback-classic-1.2.11.jar:/Users/bambook/.m2/repository/ch/qos/logback/logback-core/1.2.11/logback-core-1.2.11.jar:/Users/bambook/.m2/repository/org/apache/logging/log4j/log4j-to-slf4j/2.17.2/log4j-to-slf4j-2.17.2.jar:/Users/bambook/.m2/repository/org/apache/logging/log4j/log4j-api/2.17.2/log4j-api-2.17.2.jar:/Users/bambook/.m2/repository/org/slf4j/jul-to-slf4j/1.7.36/jul-to-slf4j-1.7.36.jar:/Users/bambook/.m2/repository/jakarta/annotation/jakarta.annotation-api/1.3.5/jakarta.annotation-api-1.3.5.jar:/Users/bambook/.m2/repository/org/yaml/snakeyaml/1.30/snakeyaml-1.30.jar:/Users/bambook/.m2/repository/org/springframework/spring-aop/5.3.23/spring-aop-5.3.23.jar:/Users/bambook/.m2/repository/org/springframework/spring-beans/5.3.23/spring-beans-5.3.23.jar:/Users/bambook/.m2/repository/org/springframework/security/spring-security-config/5.7.4/spring-security-config-5.7.4.jar:/Users/bambook/.m2/repository/org/springframework/spring-context/5.3.23/spring-context-5.3.23.jar:/Users/bambook/.m2/repository/org/springframework/security/spring-security-web/5.7.4/spring-security-web-5.7.4.jar:/Users/bambook/.m2/repository/org/springframework/spring-expression/5.3.23/spring-expression-5.3.23.jar:/Users/bambook/.m2/repository/org/springframework/security/spring-security-test/5.7.4/spring-security-test-5.7.4.jar:/Users/bambook/.m2/repository/org/springframework/security/spring-security-core/5.7.4/spring-security-core-5.7.4.jar:/Users/bambook/.m2/repository/org/springframework/security/spring-security-crypto/5.7.4/spring-security-crypto-5.7.4.jar:/Users/bambook/.m2/repository/org/springframework/spring-core/5.3.23/spring-core-5.3.23.jar:/Users/bambook/.m2/repository/org/springframework/spring-jcl/5.3.23/spring-jcl-5.3.23.jar:/Users/bambook/.m2/repository/org/springframework/spring-test/5.3.23/spring-test-5.3.23.jar:/Users/bambook/.m2/repository/org/springframework/boot/spring-boot-starter-oauth2-client/2.7.5/spring-boot-starter-oauth2-client-2.7.5.jar:/Users/bambook/.m2/repository/org/springframework/security/spring-security-oauth2-client/5.7.4/spring-security-oauth2-client-5.7.4.jar:/Users/bambook/.m2/repository/org/springframework/security/spring-security-oauth2-core/5.7.4/spring-security-oauth2-core-5.7.4.jar:/Users/bambook/.m2/repository/com/nimbusds/oauth2-oidc-sdk/9.35/oauth2-oidc-sdk-9.35.jar:/Users/bambook/.m2/repository/com/github/stephenc/jcip/jcip-annotations/1.0-1/jcip-annotations-1.0-1.jar:/Users/bambook/.m2/repository/com/nimbusds/content-type/2.2/content-type-2.2.jar:/Users/bambook/.m2/repository/com/nimbusds/lang-tag/1.6/lang-tag-1.6.jar:/Users/bambook/.m2/repository/org/springframework/security/spring-security-oauth2-jose/5.7.4/spring-security-oauth2-jose-5.7.4.jar:/Users/bambook/.m2/repository/com/nimbusds/nimbus-jose-jwt/9.22/nimbus-jose-jwt-9.22.jar:/Users/bambook/.m2/repository/org/springframework/boot/spring-boot-starter-oauth2-resource-server/2.7.5/spring-boot-starter-oauth2-resource-server-2.7.5.jar:/Users/bambook/.m2/repository/org/springframework/security/spring-security-oauth2-resource-server/5.7.4/spring-security-oauth2-resource-server-5.7.4.jar:/Users/bambook/.m2/repository/io/jsonwebtoken/jjwt-api/0.11.5/jjwt-api-0.11.5.jar:/Users/bambook/.m2/repository/io/jsonwebtoken/jjwt-impl/0.11.5/jjwt-impl-0.11.5.jar:/Users/bambook/.m2/repository/io/jsonwebtoken/jjwt-jackson/0.11.5/jjwt-jackson-0.11.5.jar:/Users/bambook/.m2/repository/org/springframework/boot/spring-boot-starter-data-jpa/2.7.5/spring-boot-starter-data-jpa-2.7.5.jar:/Users/bambook/.m2/repository/org/springframework/boot/spring-boot-starter-aop/2.7.5/spring-boot-starter-aop-2.7.5.jar:/Users/bambook/.m2/repository/org/aspectj/aspectjweaver/1.9.7/aspectjweaver-1.9.7.jar:/Users/bambook/.m2/repository/org/springframework/boot/spring-boot-starter-jdbc/2.7.5/spring-boot-starter-jdbc-2.7.5.jar:/Users/bambook/.m2/repository/com/zaxxer/HikariCP/4.0.3/HikariCP-4.0.3.jar:/Users/bambook/.m2/repository/org/springframework/spring-jdbc/5.3.23/spring-jdbc-5.3.23.jar:/Users/bambook/.m2/repository/jakarta/transaction/jakarta.transaction-api/1.3.3/jakarta.transaction-api-1.3.3.jar:/Users/bambook/.m2/repository/jakarta/persistence/jakarta.persistence-api/2.2.3/jakarta.persistence-api-2.2.3.jar:/Users/bambook/.m2/repository/org/hibernate/hibernate-core/5.6.12.Final/hibernate-core-5.6.12.Final.jar:/Users/bambook/.m2/repository/antlr/antlr/2.7.7/antlr-2.7.7.jar:/Users/bambook/.m2/repository/org/jboss/jandex/2.4.2.Final/jandex-2.4.2.Final.jar:/Users/bambook/.m2/repository/org/springframework/data/spring-data-jpa/2.7.5/spring-data-jpa-2.7.5.jar:/Users/bambook/.m2/repository/org/springframework/data/spring-data-commons/2.7.5/spring-data-commons-2.7.5.jar:/Users/bambook/.m2/repository/org/springframework/spring-orm/5.3.23/spring-orm-5.3.23.jar:/Users/bambook/.m2/repository/org/springframework/spring-tx/5.3.23/spring-tx-5.3.23.jar:/Users/bambook/.m2/repository/org/springframework/spring-aspects/5.3.23/spring-aspects-5.3.23.jar:/Users/bambook/.m2/repository/org/springframework/boot/spring-boot-starter-web/2.7.5/spring-boot-starter-web-2.7.5.jar:/Users/bambook/.m2/repository/org/springframework/boot/spring-boot-starter-json/2.7.5/spring-boot-starter-json-2.7.5.jar:/Users/bambook/.m2/repository/com/fasterxml/jackson/datatype/jackson-datatype-jdk8/2.13.4/jackson-datatype-jdk8-2.13.4.jar:/Users/bambook/.m2/repository/com/fasterxml/jackson/datatype/jackson-datatype-jsr310/2.13.4/jackson-datatype-jsr310-2.13.4.jar:/Users/bambook/.m2/repository/com/fasterxml/jackson/module/jackson-module-parameter-names/2.13.4/jackson-module-parameter-names-2.13.4.jar:/Users/bambook/.m2/repository/org/springframework/boot/spring-boot-starter-tomcat/2.7.5/spring-boot-starter-tomcat-2.7.5.jar:/Users/bambook/.m2/repository/org/apache/tomcat/embed/tomcat-embed-core/9.0.68/tomcat-embed-core-9.0.68.jar:/Users/bambook/.m2/repository/org/apache/tomcat/embed/tomcat-embed-websocket/9.0.68/tomcat-embed-websocket-9.0.68.jar:/Users/bambook/.m2/repository/org/springframework/spring-web/5.3.23/spring-web-5.3.23.jar:/Users/bambook/.m2/repository/org/springframework/spring-webmvc/5.3.23/spring-webmvc-5.3.23.jar:/Users/bambook/.m2/repository/org/springframework/boot/spring-boot-starter-validation/2.7.5/spring-boot-starter-validation-2.7.5.jar:/Users/bambook/.m2/repository/org/apache/tomcat/embed/tomcat-embed-el/9.0.68/tomcat-embed-el-9.0.68.jar:/Users/bambook/.m2/repository/org/hibernate/validator/hibernate-validator/6.2.5.Final/hibernate-validator-6.2.5.Final.jar:/Users/bambook/.m2/repository/jakarta/validation/jakarta.validation-api/2.0.2/jakarta.validation-api-2.0.2.jar:/Users/bambook/.m2/repository/org/flywaydb/flyway-core/8.5.13/flyway-core-8.5.13.jar:/Users/bambook/.m2/repository/org/postgresql/postgresql/42.3.7/postgresql-42.3.7.jar:/Users/bambook/.m2/repository/org/checkerframework/checker-qual/3.5.0/checker-qual-3.5.0.jar:/Users/bambook/.m2/repository/org/projectlombok/lombok/1.18.24/lombok-1.18.24.jar:/Users/bambook/.m2/repository/org/springframework/boot/spring-boot-starter-test/2.7.5/spring-boot-starter-test-2.7.5.jar:/Users/bambook/.m2/repository/org/springframework/boot/spring-boot-test/2.7.5/spring-boot-test-2.7.5.jar:/Users/bambook/.m2/repository/org/springframework/boot/spring-boot-test-autoconfigure/2.7.5/spring-boot-test-autoconfigure-2.7.5.jar:/Users/bambook/.m2/repository/com/jayway/jsonpath/json-path/2.7.0/json-path-2.7.0.jar:/Users/bambook/.m2/repository/net/minidev/json-smart/2.4.8/json-smart-2.4.8.jar:/Users/bambook/.m2/repository/net/minidev/accessors-smart/2.4.8/accessors-smart-2.4.8.jar:/Users/bambook/.m2/repository/org/ow2/asm/asm/9.1/asm-9.1.jar:/Users/bambook/.m2/repository/jakarta/xml/bind/jakarta.xml.bind-api/2.3.3/jakarta.xml.bind-api-2.3.3.jar:/Users/bambook/.m2/repository/jakarta/activation/jakarta.activation-api/1.2.2/jakarta.activation-api-1.2.2.jar:/Users/bambook/.m2/repository/org/assertj/assertj-core/3.22.0/assertj-core-3.22.0.jar:/Users/bambook/.m2/repository/org/hamcrest/hamcrest/2.2/hamcrest-2.2.jar:/Users/bambook/.m2/repository/org/junit/jupiter/junit-jupiter/5.8.2/junit-jupiter-5.8.2.jar:/Users/bambook/.m2/repository/org/junit/jupiter/junit-jupiter-api/5.8.2/junit-jupiter-api-5.8.2.jar:/Users/bambook/.m2/repository/org/opentest4j/opentest4j/1.2.0/opentest4j-1.2.0.jar:/Users/bambook/.m2/repository/org/junit/platform/junit-platform-commons/1.8.2/junit-platform-commons-1.8.2.jar:/Users/bambook/.m2/repository/org/apiguardian/apiguardian-api/1.1.2/apiguardian-api-1.1.2.jar:/Users/bambook/.m2/repository/org/junit/jupiter/junit-jupiter-params/5.8.2/junit-jupiter-params-5.8.2.jar:/Users/bambook/.m2/repository/org/junit/jupiter/junit-jupiter-engine/5.8.2/junit-jupiter-engine-5.8.2.jar:/Users/bambook/.m2/repository/org/junit/platform/junit-platform-engine/1.8.2/junit-platform-engine-1.8.2.jar:/Users/bambook/.m2/repository/org/mockito/mockito-core/4.5.1/mockito-core-4.5.1.jar:/Users/bambook/.m2/repository/net/bytebuddy/byte-buddy-agent/1.12.18/byte-buddy-agent-1.12.18.jar:/Users/bambook/.m2/repository/org/objenesis/objenesis/3.2/objenesis-3.2.jar:/Users/bambook/.m2/repository/org/mockito/mockito-junit-jupiter/4.5.1/mockito-junit-jupiter-4.5.1.jar:/Users/bambook/.m2/repository/org/skyscreamer/jsonassert/1.5.1/jsonassert-1.5.1.jar:/Users/bambook/.m2/repository/com/vaadin/external/google/android-json/0.0.20131108.vaadin1/android-json-0.0.20131108.vaadin1.jar:/Users/bambook/.m2/repository/org/xmlunit/xmlunit-core/2.9.0/xmlunit-core-2.9.0.jar:/Users/bambook/.m2/repository/org/hibernate/orm/hibernate-core/6.2.5.Final/hibernate-core-6.2.5.Final.jar:/Users/bambook/.m2/repository/org/jboss/logging/jboss-logging/3.4.3.Final/jboss-logging-3.4.3.Final.jar:/Users/bambook/.m2/repository/org/hibernate/common/hibernate-commons-annotations/6.0.6.Final/hibernate-commons-annotations-6.0.6.Final.jar:/Users/bambook/.m2/repository/io/smallrye/jandex/3.0.5/jandex-3.0.5.jar:/Users/bambook/.m2/repository/com/fasterxml/classmate/1.5.1/classmate-1.5.1.jar:/Users/bambook/.m2/repository/net/bytebuddy/byte-buddy/1.12.18/byte-buddy-1.12.18.jar:/Users/bambook/.m2/repository/org/glassfish/jaxb/jaxb-runtime/2.3.7/jaxb-runtime-2.3.7.jar:/Users/bambook/.m2/repository/org/glassfish/jaxb/txw2/2.3.7/txw2-2.3.7.jar:/Users/bambook/.m2/repository/com/sun/istack/istack-commons-runtime/3.0.12/istack-commons-runtime-3.0.12.jar:/Users/bambook/.m2/repository/com/sun/activation/jakarta.activation/1.2.2/jakarta.activation-1.2.2.jar:/Users/bambook/.m2/repository/jakarta/inject/jakarta.inject-api/2.0.1/jakarta.inject-api-2.0.1.jar:/Users/bambook/.m2/repository/org/antlr/antlr4-runtime/4.10.1/antlr4-runtime-4.10.1.jar:/Users/bambook/.m2/repository/org/springdoc/springdoc-openapi-ui/1.6.15/springdoc-openapi-ui-1.6.15.jar:/Users/bambook/.m2/repository/org/springdoc/springdoc-openapi-webmvc-core/1.6.15/springdoc-openapi-webmvc-core-1.6.15.jar:/Users/bambook/.m2/repository/org/springdoc/springdoc-openapi-common/1.6.15/springdoc-openapi-common-1.6.15.jar:/Users/bambook/.m2/repository/io/swagger/core/v3/swagger-core/2.2.8/swagger-core-2.2.8.jar:/Users/bambook/.m2/repository/org/apache/commons/commons-lang3/3.12.0/commons-lang3-3.12.0.jar:/Users/bambook/.m2/repository/com/fasterxml/jackson/dataformat/jackson-dataformat-yaml/2.13.4/jackson-dataformat-yaml-2.13.4.jar:/Users/bambook/.m2/repository/io/swagger/core/v3/swagger-annotations/2.2.8/swagger-annotations-2.2.8.jar:/Users/bambook/.m2/repository/io/swagger/core/v3/swagger-models/2.2.8/swagger-models-2.2.8.jar:/Users/bambook/.m2/repository/org/webjars/swagger-ui/4.17.1/swagger-ui-4.17.1.jar:/Users/bambook/.m2/repository/org/webjars/webjars-locator-core/0.50/webjars-locator-core-0.50.jar:/Users/bambook/.m2/repository/io/github/classgraph/classgraph/4.8.149/classgraph-4.8.149.jar:/Users/bambook/.m2/repository/org/springframework/boot/spring-boot-starter-mail/2.7.5/spring-boot-starter-mail-2.7.5.jar:/Users/bambook/.m2/repository/org/springframework/spring-context-support/5.3.23/spring-context-support-5.3.23.jar:/Users/bambook/.m2/repository/com/sun/mail/jakarta.mail/1.6.7/jakarta.mail-1.6.7.jar:/Users/bambook/.m2/repository/javax/mail/mail/1.5.0-b01/mail-1.5.0-b01.jar:/Users/bambook/.m2/repository/javax/activation/activation/1.1/activation-1.1.jar:/Users/bambook/.m2/repository/org/springframework/boot/spring-boot-starter-websocket/2.7.5/spring-boot-starter-websocket-2.7.5.jar:/Users/bambook/.m2/repository/org/springframework/spring-messaging/5.3.23/spring-messaging-5.3.23.jar:/Users/bambook/.m2/repository/org/springframework/spring-websocket/5.3.23/spring-websocket-5.3.23.jar:"/>
    <property name="sun.cpu.endian" value="little"/>
    <property name="user.home" value="/Users/bambook"/>
    <property name="user.language" value="en"/>
    <property name="java.specification.vendor" value="Oracle Corporation"/>
    <property name="java.version.date" value="2023-04-18"/>
    <property name="java.home" value="/Users/bambook/Library/Java/JavaVirtualMachines/corretto-17.0.7/Contents/Home"/>
    <property name="file.separator" value="/"/>
    <property name="basedir" value="/Users/bambook/IdeaProjects/hr_system_back"/>
    <property name="java.vm.compressedOopsMode" value="Zero based"/>
    <property name="line.separator" value="&#10;"/>
    <property name="java.vm.specification.vendor" value="Oracle Corporation"/>
    <property name="java.specification.name" value="Java Platform API Specification"/>
    <property name="surefire.real.class.path" value="/Users/bambook/IdeaProjects/hr_system_back/target/surefire/surefirebooter14187576257727940742.jar"/>
    <property name="sun.management.compiler" value="HotSpot 64-Bit Tiered Compilers"/>
    <property name="ftp.nonProxyHosts" value="local|*.local|169.254/16|*.169.254/16"/>
    <property name="java.runtime.version" value="17.0.7+7-LTS"/>
    <property name="user.name" value="bambook"/>
    <property name="path.separator" value=":"/>
    <property name="os.version" value="12.0.1"/>
    <property name="java.runtime.name" value="OpenJDK Runtime Environment"/>
    <property name="file.encoding" value="UTF-8"/>
    <property name="java.vm.name" value="OpenJDK 64-Bit Server VM"/>
    <property name="java.vendor.version" value="Corretto-17.0.7.7.1"/>
    <property name="localRepository" value="/Users/bambook/.m2/repository"/>
    <property name="java.vendor.url.bug" value="https://github.com/corretto/corretto-17/issues/"/>
    <property name="java.io.tmpdir" value="/var/folders/zf/wk7lj9_94bs45p2w60z4x5400000gn/T/"/>
    <property name="idea.version" value="2023.2"/>
    <property name="java.version" value="17.0.7"/>
    <property name="user.dir" value="/Users/bambook/IdeaProjects/hr_system_back"/>
    <property name="os.arch" value="x86_64"/>
    <property name="java.vm.specification.name" value="Java Virtual Machine Specification"/>
    <property name="native.encoding" value="UTF-8"/>
    <property name="java.library.path" value="/Users/bambook/Library/Java/Extensions:/Library/Java/Extensions:/Network/Library/Java/Extensions:/System/Library/Java/Extensions:/usr/lib/java:."/>
    <property name="java.vm.info" value="mixed mode, sharing"/>
    <property name="java.vendor" value="Amazon.com Inc."/>
    <property name="java.vm.version" value="17.0.7+7-LTS"/>
    <property name="sun.io.unicode.encoding" value="UnicodeBig"/>
    <property name="socksNonProxyHosts" value="local|*.local|169.254/16|*.169.254/16"/>
    <property name="java.class.version" value="61.0"/>
  </properties>
  <testcase name="contextLoads" classname="com.example.hr_system.HrSystemApplicationTests" time="0.27"/>
</testsuite>